{"name": "test_user_registration", "status": "failed", "statusDetails": {"message": "AssertionError: Locator expected to have text 'Your Account Has Been Created!!'\nActual value: Your Account Has Been Created! \nCall log:\n  - Expect \"to_have_text\" with timeout 5000ms\n  - waiting for locator(\"h1:has-text(\\\"Your Account Has Been Created!\\\")\")\n    9 × locator resolved to <h1>Your Account Has Been Created!</h1>\n      - unexpected value \"Your Account Has Been Created!\"", "trace": "page = <Page url='https://tutorialsninja.com/demo/index.php?route=account/success'>\n\n    @pytest.mark.sanity\n    @pytest.mark.regression\n    def test_user_registration(page):\n        home_page=HomePage(page)\n        registration_page =RegistrationPage(page)\n        random_data_utl = RandomDataUtil()\n        home_page.click_my_account()\n        home_page.click_register()\n    \n        email=random_data_utl.get_email()\n        print(f\"email is {email}\")\n        password = random_data_utl.get_password()\n        print(f\"password is {password}\")\n    \n        registration_page.set_first_name(random_data_utl.get_first_name())\n        registration_page.set_last_name(random_data_utl.get_last_name())\n        registration_page.set_email(email)\n        registration_page.set_telephone(random_data_utl.get_phone_number())\n        registration_page.set_password(password)\n        registration_page.set_confirm_password(password)\n        registration_page.set_privacy_policy()\n        registration_page.click_continue()\n    \n        confirmation_message =registration_page.get_confirmation_msg()\n>       expect(confirmation_message).to_have_text(\"Your Account Has Been Created!!\")\nE       AssertionError: Locator expected to have text 'Your Account Has Been Created!!'\nE       Actual value: Your Account Has Been Created! \nE       Call log:\nE         - Expect \"to_have_text\" with timeout 5000ms\nE         - waiting for locator(\"h1:has-text(\\\"Your Account Has Been Created!\\\")\")\nE           9 × locator resolved to <h1>Your Account Has Been Created!</h1>\nE             - unexpected value \"Your Account Has Been Created!\"\n\ntest_user_registration.py:32: AssertionError"}, "attachments": [{"name": "stdout", "source": "e68d1fd8-a047-40de-ab5c-4126531010d9-attachment.txt", "type": "text/plain"}], "start": 1766745516365, "stop": 1766745523580, "uuid": "73120594-2cf2-49c3-a960-74f8b098255b", "historyId": "541394ea0cfde4c8462c2d79980c4244", "testCaseId": "541394ea0cfde4c8462c2d79980c4244", "fullName": "tests.test_user_registration#test_user_registration", "labels": [{"name": "tag", "value": "regression"}, {"name": "tag", "value": "sanity"}, {"name": "parentSuite", "value": "tests"}, {"name": "suite", "value": "test_user_registration"}, {"name": "host", "value": "DESKTOP-62KL67C"}, {"name": "thread", "value": "1132-MainThread"}, {"name": "framework", "value": "pytest"}, {"name": "language", "value": "cpython3"}, {"name": "package", "value": "tests.test_user_registration"}], "titlePath": ["tests", "test_user_registration.py"]}